<?xml version="1.0" encoding="UTF-8"?>
<TestRun id="d06f9b64-8977-4887-b9d1-d9089631c25e" name="chrisiDC@CHRISIDC-PC 2012-01-14 08:18:05" runUser="chrisiDC-PC\chrisiDC" xmlns="http://microsoft.com/schemas/VisualStudio/TeamTest/2010">
  <TestSettings name="Local" id="5a9105b8-19b3-4ba8-a2dc-d16337b10c0f">
    <Description>These are default test settings for a local test run.</Description>
    <Deployment enabled="false" runDeploymentRoot="chrisiDC_CHRISIDC-PC 2012-01-14 08_18_05">
      <DeploymentItem filename="C:\programming\BotFair\Bot\bin\Debug\BotFair.exe" />
    </Deployment>
    <Execution>
      <TestTypeSpecific />
      <AgentRule name="Execution Agents">
      </AgentRule>
    </Execution>
  </TestSettings>
  <Times creation="2012-01-14T08:18:05.0039816+01:00" queuing="2012-01-14T08:18:05.9580362+01:00" start="2012-01-14T08:18:06.0500415+01:00" finish="2012-01-14T08:18:06.4380637+01:00" />
  <ResultSummary outcome="Completed">
    <Counters total="1" executed="1" passed="1" error="0" failed="0" timeout="0" aborted="0" inconclusive="0" passedButRunAborted="0" notRunnable="0" notExecuted="0" disconnected="0" warning="0" completed="0" inProgress="0" pending="0" />
  </ResultSummary>
  <TestDefinitions>
    <UnitTest name="TestPriceSteps" storage="c:\programming\botfair\botfairtest\bin\debug\botfairtest.dll" id="fbe093ea-35d8-727e-0ea3-481ddaa939c8">
      <Execution id="7bdbd1ec-2bac-4d8e-afd7-241ba8a37f97" />
      <TestMethod codeBase="C:/programming/BotFair/BotFairTest/bin/Debug/BotFairTest.DLL" adapterTypeName="Microsoft.VisualStudio.TestTools.TestTypes.Unit.UnitTestAdapter, Microsoft.VisualStudio.QualityTools.Tips.UnitTest.Adapter, Version=10.0.0.0, Culture=neutral, PublicKeyToken=b03f5f7f11d50a3a" className="BotFairTest.UnitTest1, BotFairTest, Version=1.0.0.0, Culture=neutral, PublicKeyToken=null" name="TestPriceSteps" />
    </UnitTest>
  </TestDefinitions>
  <TestLists>
    <TestList name="Results Not in a List" id="8c84fa94-04c1-424b-9868-57a2d4851a1d" />
    <TestList name="All Loaded Results" id="19431567-8539-422a-85d7-44ee4e166bda" />
  </TestLists>
  <TestEntries>
    <TestEntry testId="fbe093ea-35d8-727e-0ea3-481ddaa939c8" executionId="7bdbd1ec-2bac-4d8e-afd7-241ba8a37f97" testListId="8c84fa94-04c1-424b-9868-57a2d4851a1d" />
  </TestEntries>
  <Results>
    <UnitTestResult executionId="7bdbd1ec-2bac-4d8e-afd7-241ba8a37f97" testId="fbe093ea-35d8-727e-0ea3-481ddaa939c8" testName="TestPriceSteps" computerName="CHRISIDC-PC" duration="00:00:00.0482585" startTime="2012-01-14T08:18:06.0780431+01:00" endTime="2012-01-14T08:18:06.4140623+01:00" testType="13cdc9d9-ddb5-4fa4-a97d-d965ccfc6d4b" outcome="Passed" testListId="8c84fa94-04c1-424b-9868-57a2d4851a1d" relativeResultsDirectory="7bdbd1ec-2bac-4d8e-afd7-241ba8a37f97">
    </UnitTestResult>
  </Results>
</TestRun>