<?xml version="1.0" encoding="UTF-8"?>
<TestRun id="b2fb6c86-b80d-4318-ab09-204fa480217b" name="worker@GAMER-PC 2012-10-04 16:15:27" runUser="gamer-PC\worker" xmlns="http://microsoft.com/schemas/VisualStudio/TeamTest/2010">
  <TestSettings name="Local" id="5a9105b8-19b3-4ba8-a2dc-d16337b10c0f">
    <Description>These are default test settings for a local test run.</Description>
    <Deployment enabled="false" runDeploymentRoot="worker_GAMER-PC 2012-10-04 16_15_27">
      <DeploymentItem filename="C:\programming\Tools\bin\Debug\Tools.dll" />
    </Deployment>
    <Execution>
      <TestTypeSpecific />
      <AgentRule name="Execution Agents">
      </AgentRule>
    </Execution>
  </TestSettings>
  <Times creation="2012-10-04T16:15:27.7019022+02:00" queuing="2012-10-04T16:15:28.5359499+02:00" start="2012-10-04T16:15:28.6479563+02:00" finish="2012-10-04T16:15:38.8765414+02:00" />
  <ResultSummary outcome="Error">
    <Counters total="1" executed="1" error="0" failed="0" timeout="0" aborted="1" inconclusive="0" passedButRunAborted="0" notRunnable="0" notExecuted="0" disconnected="0" warning="0" passed="0" completed="0" inProgress="0" pending="0" />
    <RunInfos>
      <RunInfo computerName="GAMER-PC" outcome="Error" timestamp="2012-10-04T16:15:38.8755413+02:00">
        <Text>Test host process exited unexpectedly.</Text>
      </RunInfo>
    </RunInfos>
  </ResultSummary>
  <TestDefinitions>
    <UnitTest name="TestMethod1" storage="c:\programming\toolstest\bin\debug\toolstest.dll" id="0cfef394-620f-a7b4-e8e8-e4349b059463">
      <Execution id="f192b754-7151-4f88-85e3-6d82ccfcf859" />
      <TestMethod codeBase="C:/programming/ToolsTest/bin/Debug/ToolsTest.DLL" adapterTypeName="Microsoft.VisualStudio.TestTools.TestTypes.Unit.UnitTestAdapter, Microsoft.VisualStudio.QualityTools.Tips.UnitTest.Adapter, Version=10.0.0.0, Culture=neutral, PublicKeyToken=b03f5f7f11d50a3a" className="ToolsTest.UnitTest1, ToolsTest, Version=1.0.0.0, Culture=neutral, PublicKeyToken=null" name="TestMethod1" />
    </UnitTest>
  </TestDefinitions>
  <TestLists>
    <TestList name="Results Not in a List" id="8c84fa94-04c1-424b-9868-57a2d4851a1d" />
    <TestList name="All Loaded Results" id="19431567-8539-422a-85d7-44ee4e166bda" />
  </TestLists>
  <TestEntries>
    <TestEntry testId="0cfef394-620f-a7b4-e8e8-e4349b059463" executionId="f192b754-7151-4f88-85e3-6d82ccfcf859" testListId="8c84fa94-04c1-424b-9868-57a2d4851a1d" />
  </TestEntries>
  <Results>
    <UnitTestResult executionId="f192b754-7151-4f88-85e3-6d82ccfcf859" testId="0cfef394-620f-a7b4-e8e8-e4349b059463" testName="TestMethod1" computerName="GAMER-PC" duration="00:00:10.1195789" startTime="2012-10-04T16:15:28.7569625+02:00" endTime="2012-10-04T16:15:38.8765414+02:00" testType="13cdc9d9-ddb5-4fa4-a97d-d965ccfc6d4b" outcome="Aborted" testListId="8c84fa94-04c1-424b-9868-57a2d4851a1d" relativeResultsDirectory="f192b754-7151-4f88-85e3-6d82ccfcf859">
    </UnitTestResult>
  </Results>
</TestRun>