<?xml version="1.0" encoding="UTF-8"?>
<TestRun id="6699d33a-c59f-4b1d-8f87-97608df07f29" name="worker@GAMER-PC 2012-10-04 16:04:00" runUser="gamer-PC\worker" xmlns="http://microsoft.com/schemas/VisualStudio/TeamTest/2010">
  <TestSettings name="Local" id="5a9105b8-19b3-4ba8-a2dc-d16337b10c0f">
    <Description>These are default test settings for a local test run.</Description>
    <Deployment enabled="false" runDeploymentRoot="worker_GAMER-PC 2012-10-04 16_04_00" />
    <Execution>
      <TestTypeSpecific />
      <AgentRule name="Execution Agents">
      </AgentRule>
    </Execution>
  </TestSettings>
  <Times creation="2012-10-04T16:04:00.5395988+02:00" queuing="2012-10-04T16:04:01.7876702+02:00" start="2012-10-04T16:04:01.8546740+02:00" finish="2012-10-04T16:04:02.8007281+02:00" />
  <ResultSummary outcome="Completed">
    <Counters total="1" executed="1" passed="1" error="0" failed="0" timeout="0" aborted="0" inconclusive="0" passedButRunAborted="0" notRunnable="0" notExecuted="0" disconnected="0" warning="0" completed="0" inProgress="0" pending="0" />
  </ResultSummary>
  <TestDefinitions>
    <UnitTest name="TestMethod1" storage="c:\programming\toolstest\bin\debug\toolstest.dll" id="0cfef394-620f-a7b4-e8e8-e4349b059463">
      <Execution id="233619eb-8648-450e-a2c8-7d7a6e7cc82a" />
      <TestMethod codeBase="C:/programming/ToolsTest/bin/Debug/ToolsTest.DLL" adapterTypeName="Microsoft.VisualStudio.TestTools.TestTypes.Unit.UnitTestAdapter, Microsoft.VisualStudio.QualityTools.Tips.UnitTest.Adapter, Version=10.0.0.0, Culture=neutral, PublicKeyToken=b03f5f7f11d50a3a" className="ToolsTest.UnitTest1, ToolsTest, Version=1.0.0.0, Culture=neutral, PublicKeyToken=null" name="TestMethod1" />
    </UnitTest>
  </TestDefinitions>
  <TestLists>
    <TestList name="Results Not in a List" id="8c84fa94-04c1-424b-9868-57a2d4851a1d" />
    <TestList name="All Loaded Results" id="19431567-8539-422a-85d7-44ee4e166bda" />
  </TestLists>
  <TestEntries>
    <TestEntry testId="0cfef394-620f-a7b4-e8e8-e4349b059463" executionId="233619eb-8648-450e-a2c8-7d7a6e7cc82a" testListId="8c84fa94-04c1-424b-9868-57a2d4851a1d" />
  </TestEntries>
  <Results>
    <UnitTestResult executionId="233619eb-8648-450e-a2c8-7d7a6e7cc82a" testId="0cfef394-620f-a7b4-e8e8-e4349b059463" testName="TestMethod1" computerName="GAMER-PC" duration="00:00:00.0091438" startTime="2012-10-04T16:04:01.9076770+02:00" endTime="2012-10-04T16:04:02.7457249+02:00" testType="13cdc9d9-ddb5-4fa4-a97d-d965ccfc6d4b" outcome="Passed" testListId="8c84fa94-04c1-424b-9868-57a2d4851a1d" relativeResultsDirectory="233619eb-8648-450e-a2c8-7d7a6e7cc82a">
      <Output>
        <StdOut>test</StdOut>
      </Output>
    </UnitTestResult>
  </Results>
</TestRun>