<?xml version="1.0" encoding="UTF-8"?>
<TestRun id="fe69ec47-ae51-48a1-8145-f9c2ef257ec1" name="worker@GAMER-PC 2012-10-04 16:35:52" runUser="gamer-PC\worker" xmlns="http://microsoft.com/schemas/VisualStudio/TeamTest/2010">
  <TestSettings name="Local" id="5a9105b8-19b3-4ba8-a2dc-d16337b10c0f">
    <Description>These are default test settings for a local test run.</Description>
    <Deployment enabled="false" runDeploymentRoot="worker_GAMER-PC 2012-10-04 16_35_52">
      <DeploymentItem filename="C:\programming\Tools\bin\Debug\Tools.dll" />
      <DeploymentItem filename="C:\programming\botfair\Bot\bin\Debug\BotFair.exe" />
    </Deployment>
    <Execution>
      <TestTypeSpecific />
      <AgentRule name="Execution Agents">
      </AgentRule>
    </Execution>
  </TestSettings>
  <Times creation="2012-10-04T16:35:52.4479537+02:00" queuing="2012-10-04T16:35:52.4539540+02:00" start="2012-10-04T16:35:52.4589543+02:00" finish="2012-10-04T16:35:52.8329757+02:00" />
  <ResultSummary outcome="Completed">
    <Counters total="2" executed="2" passed="2" error="0" failed="0" timeout="0" aborted="0" inconclusive="0" passedButRunAborted="0" notRunnable="0" notExecuted="0" disconnected="0" warning="0" completed="0" inProgress="0" pending="0" />
  </ResultSummary>
  <TestDefinitions>
    <UnitTest name="TestPriceSteps" storage="c:\programming\botfair\botfairtest\bin\debug\botfairtest.dll" id="fbe093ea-35d8-727e-0ea3-481ddaa939c8">
      <Execution id="130699d6-7302-4f4d-ad54-4f3a5540f1d6" />
      <TestMethod codeBase="C:/programming/botfair/BotFairTest/bin/Debug/BotFairTest.DLL" adapterTypeName="Microsoft.VisualStudio.TestTools.TestTypes.Unit.UnitTestAdapter, Microsoft.VisualStudio.QualityTools.Tips.UnitTest.Adapter, Version=10.0.0.0, Culture=neutral, PublicKeyToken=b03f5f7f11d50a3a" className="BotFairTest.UnitTest1, BotFairTest, Version=1.0.0.0, Culture=neutral, PublicKeyToken=null" name="TestPriceSteps" />
    </UnitTest>
    <UnitTest name="TestMethod1" storage="c:\programming\toolstest\bin\debug\toolstest.dll" id="b18ff913-e74e-5351-4f54-61892b65d5f2">
      <Execution id="c62bc658-825c-45b6-a94b-7e31beb7ae1d" />
      <TestMethod codeBase="C:/programming/ToolsTest/bin/Debug/ToolsTest.DLL" adapterTypeName="Microsoft.VisualStudio.TestTools.TestTypes.Unit.UnitTestAdapter, Microsoft.VisualStudio.QualityTools.Tips.UnitTest.Adapter, Version=10.0.0.0, Culture=neutral, PublicKeyToken=b03f5f7f11d50a3a" className="ToolsTest.ExtensionsTest, ToolsTest, Version=1.0.0.0, Culture=neutral, PublicKeyToken=null" name="TestMethod1" />
    </UnitTest>
  </TestDefinitions>
  <TestLists>
    <TestList name="Results Not in a List" id="8c84fa94-04c1-424b-9868-57a2d4851a1d" />
    <TestList name="All Loaded Results" id="19431567-8539-422a-85d7-44ee4e166bda" />
  </TestLists>
  <TestEntries>
    <TestEntry testId="b18ff913-e74e-5351-4f54-61892b65d5f2" executionId="c62bc658-825c-45b6-a94b-7e31beb7ae1d" testListId="8c84fa94-04c1-424b-9868-57a2d4851a1d" />
    <TestEntry testId="fbe093ea-35d8-727e-0ea3-481ddaa939c8" executionId="130699d6-7302-4f4d-ad54-4f3a5540f1d6" testListId="8c84fa94-04c1-424b-9868-57a2d4851a1d" />
  </TestEntries>
  <Results>
    <UnitTestResult executionId="c62bc658-825c-45b6-a94b-7e31beb7ae1d" testId="b18ff913-e74e-5351-4f54-61892b65d5f2" testName="TestMethod1" computerName="GAMER-PC" duration="00:00:00.0133693" startTime="2012-10-04T16:35:52.4599544+02:00" endTime="2012-10-04T16:35:52.6389646+02:00" testType="13cdc9d9-ddb5-4fa4-a97d-d965ccfc6d4b" outcome="Passed" testListId="8c84fa94-04c1-424b-9868-57a2d4851a1d" relativeResultsDirectory="c62bc658-825c-45b6-a94b-7e31beb7ae1d">
    </UnitTestResult>
    <UnitTestResult executionId="130699d6-7302-4f4d-ad54-4f3a5540f1d6" testId="fbe093ea-35d8-727e-0ea3-481ddaa939c8" testName="TestPriceSteps" computerName="GAMER-PC" duration="00:00:00.0136649" startTime="2012-10-04T16:35:52.6399647+02:00" endTime="2012-10-04T16:35:52.8139746+02:00" testType="13cdc9d9-ddb5-4fa4-a97d-d965ccfc6d4b" outcome="Passed" testListId="8c84fa94-04c1-424b-9868-57a2d4851a1d" relativeResultsDirectory="130699d6-7302-4f4d-ad54-4f3a5540f1d6">
    </UnitTestResult>
  </Results>
</TestRun>